2016-07-04 11:03:58,705|DEBUG:  [x] Encrypting data: {"survey": {
  "type": "uk.gov.ons.edc.eq:surveyresponse",
  "file-type":"not-xml",
  "version": "0.0.1",
  "origin": "uk.gov.ons.edc.eq",
  "survey_id": "023",
  "collection": {
    "exercise_sid": "hfjdskf",
    "instrument_id": "0102",
    "period": "1604"
  },
  "submitted_at": "2016-03-12T13:01:26Z",
  "metadata": {
    "user_id": "789473423",
    "ru_ref": "12345678901A"
  },
  "data": {
    "11": "1/4/2016",
    "12": "31/10/2016",
    "20": "1800000",
    "21": "60000"
  }
}, "quantity": 1}
2016-07-04 11:03:58,723|DEBUG:  [x] Sending encrypted Payload
2016-07-04 11:03:58,728|DEBUG: b'eyJhbGciOiJSU0EtT0FFUCIsImVuYyI6IkEyNTZHQ00ifQ.hfaypgfIxvi2fxMwWN0qLnvfmMUFOYvBQmB3-RBVXI5aGdY_iqyru0A-3RXdoG0_NrdOS7T7GD5PzNNxxbVAkTD201Rdhw5fNehmhkwdALyU_gSsaPzjCtdcTAsec8bV5Hh87CjM_FY7yinVFTc3AZPb-SnAyByW6jnZpWmIEKu7wwvFix9UIG3bweEMcWgvj8152q_wyguV5eupN9T2eHWqyHPvHS8OdWIKcb7z7n3p53amOQ1W9f81v9gXFqGog9pyYQfg9LWXpwnfZT57p_3q8plgiTUEI_sh9pCj86IeXp5vgUXrfRtgk1ueLmG6qgQJDfVvjoT0qb6VGvttisNKV91nKtf7NgQeJmZ3zigfHUGwPKnhn2jLyYt-QvTOSf-rjEIqsUn-YS-XNgrJncWJMOPBHuQW4Eru8woTlZg0p_3u97CxaklqkEY7Zs2TnNZXlhY33fGtHkvb7q--8vKCWrm77MDcypswiyzzPxouKgLhb_UqIzTcGBkgHjhj.M1hShRY2tmq_lWII.RFg54jOuOXXMM8SGO5oNwqMAweR_k4Xf6cKvKnUxj_tE63hpFSs7a0F6KknDfaXowQNaRGXF4tnvb7CAmmbwFBHqU_-EluVmTynHg1vRXIVUHEgjyIuaV5Af1jFryxKAcNzy_Mx3ZbFGVrdKMSyXko3-K6MQ4HtYsQHzTmGPH1F_KtbX4O6Tsy_PMpZJXoByK88FhPC4-kXiYkw6zLuJetexkZRt26Sk-ERLn9sdoGMIVMKsb0vG2nzLoqeSTzZ_0dNhbyOmhwqbvYnOgOEgyGTjOwI-FTk9OtOGggsxG0FdNBtIQJ6P_8EZMJQ85AEVc683FNte_72PZsfr9f70zNKb1d071D_y5JrWd0hmcAFre8ZNaEEaplnluCgbYuYKE7zRD2oUDjTfpGLrlU319rRpkLkqjLx3brPb03j7Hf83-eSEBmnHiwB9-inZGtxxzQfypjMHscAbiCpZNMyJ5lYzYflNJZWXC3pDavOktKiB1X6XVUYH-4-Xe_iHrvjs7q-uuagN4ajBYIRDXdW0I10m3aNtM7KJKfdcAV_cAVCfrNTgkBTnzj2mzRPddmxgqG2dCdkgO-XQD_txt28XFujGquVta00D5smxZWEVzWDw0LjJCdFDH1OBoW-XITPqeMnyVS23MjnDh8HvdIGiEAHUh1oMW96iDRPg4OI9G3kyirAttdFHc7OM-v-NxJX9P9Q1xlvd1LDaoj-3bvPI0AoUVLcSK1uU51TPJlTj0YkKqSkSrR096i0x0jd7meo1TQamM4Sha9zUJs8o0pVLsgtcbQNF1S2qcIiOn94VqlSXOy6ucIl5GdLHMefk-xEYVAgzHXzrtno6knR_dHQ9TJVaSudfeoxFNuVv8kz4NR4Hf_q_DtqMQ0M4qCC1PFWp7y4_-UJ2fNC2JSpXskLIfUDY2NUbbfjPMVv9loEFKn4yVE52OKvKeqf0A_tb3LtC92aLqkh0SFytxWbZY_eaXaBJKzAR8z4St2dHWuZCbcQJQREXE9_dkhP7ZISPtgPLNqIEPlTUV9_9r1Ffw1jvNWA5d7yxfDLaMRQu2oi4Ji_eVGm5q4QX2ADe3iol8bb0-yeNHjlmE_7rkN1xW6Lia2J_XcdSlzDQDd4_83GHeoUAn5WXwDIL1uhPamY429fP-Yq1SQsu8YvSv7ZrYfHJudVLgcAh6lwR4vix2ZaVj_klCFdM-57YbDyulpki1yxmfOKF-EVmxxRTV0Wp49lSymM66AMv5uVK4RS9uyc7VtZNKWGbEPbyBjdn5VJ4VnsY_04Xb6xveeWRPWNMj_D86ctaaT7nN2p6E32rZ-n6LFnHuSCn-9pSO047slaqAlnmB7H-VOQSXxtg8cMAdviZL2MXUNavQrY_D594s28g33kU6yfmIujZLITd6fPYr_I63Vkqtf2Z1GjlJn9TfA.xe9OmnvsczH8wgiw7ii-HA'
2016-07-04 11:03:58,781|DEBUG:  [x] Sent Payload to rabbitmq!
2016-07-04 11:10:59,903|DEBUG: Rabbit URL: amqp://rabbit:rabbit@rabbit:5672/%2f
2016-07-04 11:10:59,906|DEBUG:  [x] Encrypting data: {"survey": {
  "type": "uk.gov.ons.edc.eq:surveyresponse",
  "file-type":"xml",
  "version": "0.0.1",
  "origin": "uk.gov.ons.edc.eq",
  "survey_id": "023",
  "collection": {
    "exercise_sid": "hfjdskf",
    "instrument_id": "0102",
    "period": "1604"
  },
  "submitted_at": "2016-03-12T13:01:26Z",
  "metadata": {
    "user_id": "789473423",
    "ru_ref": "12345678901A"
  },
  "data": {
    "11": "1/4/2016",
    "12": "31/10/2016",
    "20": "1800000",
    "21": "60000"
  }
}, "quantity": 1}
2016-07-04 11:10:59,919|DEBUG:  [x] Sending encrypted Payload
2016-07-04 11:10:59,922|DEBUG: b'eyJhbGciOiJSU0EtT0FFUCIsImVuYyI6IkEyNTZHQ00ifQ.Ij0EZ3YLDWJBWW_V2lkIZ8V7Kddyofa_WxwXMtPv8uwA_7KOj5nDskrdt63aqsz1uDl8j-JX7bIgs6A8dSLdoJy-uzmmSyP38Mv8WfgCOSMszZso1ozat30XYLFr50PKqEqcqddp8TUc3N5N8mgEEsBRdZGQYRCLg624ftZJFvQA7cGTV21MDyuLPWV5wF9Nb29NmetLAQmCsnLgpk4Y9Zb64hLDtQxF0ONmKFxiFfCQ62lkfzC30k9SAlkSDbY1w4AwBRyM8PsQHtCaKMV085ut-uJKSGpZAsKWG_Xi29ebbJn1FAkv8INrKCzCyCKk0hdgSbM401dWiHrgDpM_68R_NI61F3ulPvHRNnoCRAbeeqtQYphM_fjYLeNapj96e6SYQLAao23NWAUAgDM41IIlPbUqN65SHSZryMtSheoTzaTx4p7Ni4GVOLRhXxrGw2b3-sOugnen5kLxd2b_Lhi9XoNdJZkVJ0m5Ht7EqDsvQBIn1moDSDaENW_FmCqQ.BOV8tbdphBS9c0Tw.j-0l72Az_oCeFQBlyNv32PscgLroexh1ktkGOp0nyQZe0NEI8ktFzUQouaATkf7EEYRNFWRChI_9nkguN-kPoQPGZXPZ3RMbMOR1Ca4t2LyNLihgtA1eTs-yc4pVxxpwVhhFp_cgaT1tTQqyqG_PLyBYBTgYlDfN1wjNEjGJNPCxzLIEyc_sspSZf7Am7TrPaPtCe63XXy3GGiuBlr0y-MMfFBm44QDuoAnc1qRxdK7-MV-vvbuWEfAXCUe5Z05CiDIO-uX1Vov7Lz3kfcBW97-2Y3k_ghCYpjwkr1xJ7zyTrpqDWZVQ7g2E1ol3AVScHcPC8RoyoNRl-rdVBWWmaJHgIr6EWLQVPMn-JriFbNIxOqI5VhXiwlysJW_2nCIuogXPIbI9S00IPPJrpJCW0mpYcuRLIsG-mZsZdoubSTyUVVHf_qXGcNL8RT7gHErtAvv1XCjk_ONump_Um7n3XELfWAEQYk_bGaU-ZSyB9KY83nYgbU0WnAKmSOAbDsj8BPuXWreblERLPYhcyxIs_XzavQBr1xnact5p5o2549_WlCUd-PH4983HN3KpWkwBBa__ZrVijAx-bA3yUMWhs62wvlxeqP-nREytkgNzOZtaFBpJGvEYGgB7kgrFpFveLfZhpUoEKSAys-Tmm5GbORxLkziJJL-l5iR9F8k-LP7hlk3LPKGRO8Ffec7XqOcAAMD11d7hzkyoGSFGVZyxn-sxrA-v7GQnHPW4K_oqJarGxqBTOW_6LEt5S9jkiMvML09PkqqPrXnwCMbWQPxKcNZT3YdkSxhyPp2tAK6Od1CV0vFMa-KDeDObNC6VrYLJQ-KiiuQY7MEadPqJ2kJ2ggvs-25RqaOSfuNlRAyJbyrP7RO8RwYXLbac0Yo7NSfiaPHRAZ48WMfiTgDaL_J2WAuOj1ombIhsOpFkHmAu0rcw_UFnsJg_pCd3LYvE-VYMQpXo_11-bugwagKZDZ3W3HHkaZ4oI2DTO-Rzxm11Ptw--fUsjMwJnrlfm-gsKlOgwdqx_fmKRdBu3Wf_B_C-6LNLgeykbfmmEumvypdAMFy3qw-yx7C0FF9vhapLVO63FwO2KzlAC0T0_U3vX9kuRF-xd8kxOfo4YLd2J-ER9Nkmei6d3m8HpVIXbRHCls65l0dkA_rGwJF42wYUEKsb2rJVrK1V8fb0YxWLyBtoFRylalEfk2eO0_m_Cc7GqK49m6Vq2-Th7ROKZTRyxrWbXuTFxlHyxV-tHBc54lmCAcOhpWvyFlXICSKwUtVaRzODBsvNuVVzsLFRyeHFEIRtc4wDVGRuZ7CsWog7rVKPR26WaJkZTv7V4h1ImYhjLODJ_jZZ3kQMs78dYv-MiFnI6CHgdNvBcAdPum4BXBFt_V3XYXcDc8WTwt0oP-obqOY0fhkj-jSp6V4.QvvyO74ds8WVc9iC5YckTQ'
2016-07-04 11:11:00,045|DEBUG:  [x] Sent Payload to rabbitmq!
2016-07-04 11:11:05,756|DEBUG: Rabbit URL: amqp://rabbit:rabbit@rabbit:5672/%2f
2016-07-04 11:11:05,760|DEBUG:  [x] Encrypting data: {"survey": {
  "type": "uk.gov.ons.edc.eq:surveyresponse",
  "file-type":"not-xml",
  "version": "0.0.1",
  "origin": "uk.gov.ons.edc.eq",
  "survey_id": "023",
  "collection": {
    "exercise_sid": "hfjdskf",
    "instrument_id": "0102",
    "period": "1604"
  },
  "submitted_at": "2016-03-12T13:01:26Z",
  "metadata": {
    "user_id": "789473423",
    "ru_ref": "12345678901A"
  },
  "data": {
    "11": "1/4/2016",
    "12": "31/10/2016",
    "20": "1800000",
    "21": "60000"
  }
}, "quantity": 1}
2016-07-04 11:11:05,774|DEBUG:  [x] Sending encrypted Payload
2016-07-04 11:11:05,775|DEBUG: b'eyJhbGciOiJSU0EtT0FFUCIsImVuYyI6IkEyNTZHQ00ifQ.uhGiBVr9YTqfaiDUx_5odsvgXCWeRYSrVEzHwhT2j-SOt_QicngiKr3no9uw_nArygEn4ZZWNgrujU7251FIXuk-9s97E1r9F1Ef3tpn0-swZW9zMaahMGmCs5xar9c-M3aiW13aqhC9RN5z-XT9jxULvh_ZpataSKvM37nn1KHkvup8v-adrbcjS7R59ElOig1bGqZ_HfW9XGpgSgi94WZyID-SwAd3nZDZiiXsxWk7mizfiuInvM8fecGNpw7iurqKZH1a_eV4fupI2ExDABiqjxHWrWF_K8bRNWQ51Zqgf5QtB5yy5FplqUCNzRtAi9lyaNG-pHR2XcApzjt0PWgZ8AIBF4CwydWkXZRcMBxqPdEynti4yeK3pczxNO4-bPAnuwKfT7q94bLZODzRhY1UJJddkK9KKmJCPi-dhSf01QyPlrOxC61g4odgIBQ42Qpmk_UoKrG7hRWR7lCmencLcqdEc52W0ti1V-MaJ3PE-0xUvyVE4W8sW9BN7iM4.LCUg2zJnrSrGKZ7x.1UHY57o-zMbncox-HriMsN9XEYETNMVN5E7x6x0IaKYOSLI8JJEsUUXmMEpJdFE2nHpN1y9USt9_hZSyJsFcldX6wQ5ud1P4Clic_dO4NM49vUoOoLCODBRC4JnzTITNSExoyl67igOIQVfjZV58dJAuKJ7baQERHoWKFiNu4RDiaxLkLhovZcsutrKQSwOafbCfH-7_ypxSlY0UEQ9uhj_ai5EuyJDt7t63VngwuuJMjz4IZeNWsgCoE1_Hhy321aJsqC-C5NVHjIqOZiqv5r7X4bo4z8O1cjWr45B6XbY5U0fwmaBGhVuUE2sUmY8vrCyp-DFz2hgzNcc0T_JcTFumgK2o3zSwkd9l8X8nqDxpzrhM7ON9qotz38nvtzhVV-oSCq5EbeFPFkqr-fYcE8ESjLDU8bpSVphjY8d42U6beJXZlGjiQnUjda7ngyLEECfYf5f6uDTK8ZPsTtdIxveTMoVjjTyfI_mbSW89Xhy_DnU39eO-mssg1H8pLYMPqeVDk-BJ-WNkF8F1xYJovR815FlyBwQysQZRb8GTAB1nQA5HUz5QpnzHUcTXSECCZUm3KaGQAk1ISjsVlzETUJLeiSNiiabH_MPsQGIhr7VEFoO0hG7R7ghzJGECyOxNeSBwQAVq90XKDt7uZ1PiqarH205W0novU4w3PzvuqaRkgeIwVNggm8b-P1l4JCcijgEjHUUgXQhTv4x-VVUaXZM3-D64wgvo1VenHfZ4wOoDLfB-Mms63kbpiFbVWJAXrkSEWShtkn93LfRJncCKC3gQ-KXC4L1pSpEzAmm0mLsYVpynK4P9x_mUiTSyXlmNlMKOSraCSpOQKorYIsD9RZMNHllJ3R9cUoJg4v54kdzkteMzYfztwzDhM0hrjiJywzpCFKIpREXDZGWR6BHEZD2oJR9kpsb5AGBNRihpYC5QamEIF_cfsOUvdpuG6DYkurDjbRCdawDhqlmpwvh0WnDDtUtTRbcu7sDtzuK2W9Eoj47i3Lh4hs3J4y7DbROW7q9ouenKlTuSl2nbpf0NQ2GIgJwNxjJfDks6KQZuZR9Ng-r3OgvvDz81gWfepeHeOhe_6jJqmUPfoeCkbd2qCVXZ3U8cPNVL9qMX0Wfr-OWcLAgbtcTdRRLkp1qS5cZTDAjfUmVdZrgBUy3WboKhur0spQF6IrLeOMEGlRVhohFoHMVWyzniGPoY1yI4bvYtgJGXmUFZC_8t4wXcBqZwx7vlx5-v2WBRwmLCI64kjwVBhPXG3_3Yw5g8N-MVv6DPkW0QkfFjacVptxWXm7U6jyTIRMtNj87lVtbz6ww1RSOl2qb7-LoP__bZvB7NvoYlWRYG3gULGojfjIqS7ViCqCA48uxigsAXfvJabN_NXaHqfO_-Zj8uEyOj1aLFLYodlO6-DHhNFGoNhcHDGg.1WuAw3-mvSfykWIo1tgNUw'
2016-07-04 11:11:05,822|DEBUG:  [x] Sent Payload to rabbitmq!
2016-07-04 11:46:20,214|DEBUG: Rabbit URL: amqp://rabbit:rabbit@rabbit:5672/%2f
2016-07-04 11:46:20,215|DEBUG:  [x] Encrypting data: {"survey": {
  "type": "uk.gov.ons.edc.eq:surveyresponse",
  "file-type":"not-xml",
  "version": "0.0.1",
  "origin": "uk.gov.ons.edc.eq",
  "survey_id": "023",
  "collection": {
    "exercise_sid": "hfjdskf",
    "instrument_id": "0102",
    "period": "1604"
  },
  "submitted_at": "2016-03-12T13:01:26Z",
  "metadata": {
    "user_id": "789473423",
    "ru_ref": "12345678901A"
  },
  "data": {
    "11": "1/4/2016",
    "12": "31/10/2016",
    "20": "1800000",
    "21": "60000"
  }
}, "quantity": 1}
2016-07-04 11:46:20,224|DEBUG:  [x] Sending encrypted Payload
2016-07-04 11:46:20,225|DEBUG: b'eyJhbGciOiJSU0EtT0FFUCIsImVuYyI6IkEyNTZHQ00ifQ.Pak2Az9GgbWHmlZW1YcvogV4Ykidh7gkkVqEJQ2e18blEmulHYDHcsCtIwWPGr71TEfOJwvOvpStmRC9PM_cDWS26U1JbQYv8K1ocxLiMCMsjvWZpoDuQWLPL9mwyd5IeVEwCcXhnyvM7udlyKdU3Ut8-g_mZy0F-0JqWclQzymw5wBIilueiPXUSv9HeuSs6yuXlKa4xWSuGIgDrbfwq3gHJgkDNvcrc83p0470N2I53fVL8SvcgCM0Lo7225xDvcLD07viTznZOFh4JNU4SoPzFBA0FfKyskXCmHTXkE32FC8ZKzGp4FXWmmHbK0Q7UzCReP_3LzUC6TOSADqEIzXdozMFp90QJSyJ2dDiLxdLpXxlBi6ULSWWtWaNN6gZngtVbf4dh0TmXYwoY2owODszPrZL8PTFcz_LBngmYhv-TysFSJej3ruuKYjmNx_sacRAj906omTxgculUjXR-sX2nzoJr0RjO3MFvRL1BbIQ1aeDjS-iuV_G6QfHHb-x.3T8kkm_OYRIk_FGn.tX2TKbAa44RqqiQ4KB-I4weewe2KcoSAxBBUs57mkrURx8DOWLXpHFSWibrNgzLNV5LbTmcpU87W9IAQRJJb_0RAhZwKO2i7gA70Zg_bvR47Wb9cDfg8XZBsGhOaBBeMf9HyF4ARNZfxl9gBfrZtYYbra9iWsY_sM8-TB9IXMpfJtUE2btuKN5Smixxlmvig9Yq1sovKSupxXCEOvcxr2BMY18WDRac2lyo-vvEF32hFgkdBXqcOATFavZhni0wJpFVsHG5xFCGkyofelEQt6PoMFyHLq7gbgKQqDJHeRejAaY1NyKcq8yLh4ajAZ4ZcquAdu726a78d6bUq832vFLMmz9v4XcHyu85ZQVKa4BIdm8s2o_JnqXShwpGpPiqFtlToQLOgdLGSHNKBl6YuxL1c0eu66bNE3ymAQkLC9W0zA77zs9NHnFes6KF2ZMWsMPy3gFINdh-ZQQG9wOH8iV3NW1LOHxokEYqIibdP6c_igqM8O6BVCtFlO2q5ZG4be7WG41XeLOPbNTOo9XnpAfxzZd3blQ2tbNIxZ_E0oVwxLzordJdvHQf016ENnDzI7OClDXVqi6XiceUPQxPfAb_NIdiqHu2Vegkmgv5n73lf4DcDY8n7DzCbyG5COeOImafbTU2dOTtLj8mvmvISRtyaYanUbuC2TSmTtqmAkl4KeSkgpLpp7xYdXNakPJhZoRixnbx3_rUnuxMR4ha5KP9sNpXaVt8Y-A_4Dm7Ypbm9YGI6G2EDqQdtJoC5AYVNMy9PJp0e_gdzIuNdJdZ5cYz48QqLmo_7K2K6A-mHbdZdMrtmjPi3quMs4f5izQ_Il96-8WW5_wqoNKTH3XwW-ayFjfnFPWHgWLvznFVrgreaReTPp1yWZV2xtdIX51WUli70E8SqG_mS0MKhGYb9r-Srwz-woUg46-8RXYYREpMyfOtOtqUWyHItLTAzEbZgnYB6COzjxzveC-90arXqhK2PKfFS6MEcttuJr0IVTEUXW9qm7ZObPY99M8FMMyLxzJoqu-ud4x1qBo6gTiKqgVM9GzFuIb5__HCgskPwnlQyJFzjc0taFHXQT14i-BHAnWti2OBUTlO9_mhXUntTXIWe6WHNrtrpZfkxLGaGoPBmg47F8AnKtxLL6UvIQ-TD-_5bTLXjeQfAgFaKFP5ZMuyg58S2scl0R5LoJ9Zz5Q-JuCnFq8Uags9yRez-6ZOGIn7Vh5-YFMxQKIKsVT__XrKwnp-67ASel4QWG8GOmZAYyuDnoTzTvVUEemnG9iSeXKrCRmAM4INp5sgMaslrwinY9SPpCTrfT8Fj-hejmk_MgIEneBhbr0EBL_0yKCZbiHIpfvuIQhF5p0f0lSBtzKy2ph4k8HvgpAtb3exm5CfsOnk04shyLgTsB_XdWXIQJiCL40N62jaks8Mt6g.gCB29RwYk3YCwxdXIBYjHQ'
2016-07-04 11:46:20,285|DEBUG:  [x] Sent Payload to rabbitmq!
2016-07-04 11:46:27,623|DEBUG: Rabbit URL: amqp://rabbit:rabbit@rabbit:5672/%2f
2016-07-04 11:46:27,625|DEBUG:  [x] Encrypting data: {"survey": {
  "type": "uk.gov.ons.edc.eq:surveyresponse",
  "file-type":"xml",
  "version": "0.0.1",
  "origin": "uk.gov.ons.edc.eq",
  "survey_id": "023",
  "collection": {
    "exercise_sid": "hfjdskf",
    "instrument_id": "0102",
    "period": "1604"
  },
  "submitted_at": "2016-03-12T13:01:26Z",
  "metadata": {
    "user_id": "789473423",
    "ru_ref": "12345678901A"
  },
  "data": {
    "11": "1/4/2016",
    "12": "31/10/2016",
    "20": "1800000",
    "21": "60000"
  }
}, "quantity": 1}
2016-07-04 11:46:27,635|DEBUG:  [x] Sending encrypted Payload
2016-07-04 11:46:27,638|DEBUG: b'eyJhbGciOiJSU0EtT0FFUCIsImVuYyI6IkEyNTZHQ00ifQ.uRvWGcIPxqQlanTYbQ9tokTGOjoBKCmzXR09jPbXb2lfVs17Y4loCWP_T_isqDUEqZXvLLEIsO1ohA9nooxTmBS5-7byZlWBxiAvlFspERWZaKzS5CIA8D6T3pvFfuQcUizN2wbWFoX2z8JxyOGNMc7ueXfH9mv-b187LoDo-_ELKeaW5MeWffwwYMxGgKnTbNOTkhSFpDZiZmnI2z8JwZgBf2I4tl_zYWjfFoTO-rINgaNkTIZ7k23_krLqQCtIFKgSEw3GM2mmnIIfvHm9xHs-21mkNoLPBFJ3BqKAkFA4g-xSc-FIp4BCI7IgQS5dmBXG4iX5IWjko9IuJ9Sg24STzG8RRHveKUPCWN5WgW4pMOzmVgHlTRg9tmS_AouiamKM3NfeUeFRM__xSrUjVbcPjffSofJZWL0e7sTXVSxFl0myO3VyL0kEvdC_qpRCv844xbUc5lMHIbXDefKcLE5iLNQXCJDPJq8ReyWz7GblI5IcwgEQDhh4bzBhS9R1.m9NThb2d3vrQAp5z.MjVw1FcbLdbwzcKTzUUuwZaR0rHRv_yJ4bVf0w9SJnG1wqoYbp6GZh6yHOJyRbyNBpwlYnQMOVx3COQDnE_ZqQUzvZhhC6Ml2bJbUL1KtJEvsgdjCChSY5L95a49qU8cxyot0NyvIWKQpYnzI16r-bBq9fendVLgqYMG4FsNLjfxQaiPUIQ07dxPLEm3TsjbtNY4-yfJMYbVZf07m4WxnHQY_ipuGtp3L2Zxw9mPnHHZI75xp42ySo2zZeExuPzUYFenSJqEfOb8LHXy81CvQfAYP-lkElk3DSQqHoVV_E_A1xXAzgMbvCMEpSvJ0ulBNd2ukvoA-cpff9nWuFQm3uU5RjNOndwpdQyuvsoZ8_nt4d9SJLkDedh333buSVasN4NaO3GACZ4LACCH_BYIrstaATen3ltDYMu2EWRajcn7gHEHu5eydD2ppOCR98Ch-m5gFQUSRarmJ2hUkEQMIWx61EgATTpgBLHpfj69wETUlni834IeeKVELNZZDdjHVr51lUPdjd-XgY1PpjuwPWoPqrlpY0qQcSdN1mWu1pgGjORuJwMoanFFbQKyYD9mfLE5ySGMlG8P020D6YsnRmamFEkKbM9ENpRrQjrG9Hgp6ItulnAhMuKLNXfmtIUWCCg8QK6yPqdRNOdz2CDgT9qsQvIUWi2XzrEEL9uqMqQuMw4Zkx0h7Y4zc8SkvgNnZYNF31CN4makHjSj_XAW6Ms4DWm7QjTNkst_TWHGjWlmvwYyL_xN58ZWZn6ltkR3wi3cq8BYRtYZTdLf6sTU4mokpZ_KAzLivNNe7zJfkLHB_BYdDmf3FTVDNndvzNRcLvVyTz9jNvTBsd1usA-Mt0gfMwXR6BEGJEqG_t546gPX--60A-C9liRfEp7pTHQ3Wlx9_T0Zd3PwILWUG_OzuCBddJFqhrqFKtvDGuJzNr_mrVHOaH5MWr34Dm8AcSgJn2AL5ipb0h1OWGP9RdGmdDY0FunS0Pcy1pifm44uEVTM7fcB4812hCfH8a4sX12NBdDFY9RUL6UVmzYGTbN3QM873smLak-cvAwgyD5zAvRiPAAnc1yzJR7PaRFxHPOsG3FuUNH570aZ8_E14sXYr2ciUNYJkh_Q2TV596xxTX9uiFSlSrREgX9bdTUi1PJIIkcw80GR-JmOrC5XKeiv_iglVlo5Nsc9S0bucFrAQJnG4vqwQeXzQuqd4Y32mnKksmxNFOKMT7l7BNrfSyb9WYtdv9rVgkzsOfqypCsxV_7gOgbJy4dARYs-NK8UexjjzxyL_ZnJifq14rqLaw_QtO2hJQr7YJhTv-37WN9hN4s3E7Fz67pVNa6Ht05KEgP5mrXKuRqOPIiRp-NkQV2KCdMw5ptHCAvW0PGP74fEo3hzpjsOIazD-zqjBaaVEzbVT_1dEhqL8xI.-9CI8b39ne-8-7I-uPkDmg'
2016-07-04 11:46:27,679|DEBUG:  [x] Sent Payload to rabbitmq!
2016-07-04 12:12:47,012|DEBUG: Rabbit URL: amqp://rabbit:rabbit@rabbit:5672/%2f
2016-07-04 12:12:47,014|DEBUG:  [x] Encrypting data: {"survey": {
  "type": "uk.gov.ons.edc.eq:surveyresponse",
  "file-type":"xml",
  "version": "0.0.1",
  "origin": "uk.gov.ons.edc.eq",
  "survey_id": "023",
  "collection": {
    "exercise_sid": "hfjdskf",
    "instrument_id": "0102",
    "period": "1604"
  },
  "submitted_at": "2016-03-12T13:01:26Z",
  "metadata": {
    "user_id": "789473423",
    "ru_ref": "12345678901A"
  },
  "data": {
    "11": "1/4/2016",
    "12": "31/10/2016",
    "20": "1800000",
    "21": "60000"
  }
}, "quantity": 1}
2016-07-04 12:12:47,024|DEBUG:  [x] Sending encrypted Payload
2016-07-04 12:12:47,025|DEBUG: b'eyJhbGciOiJSU0EtT0FFUCIsImVuYyI6IkEyNTZHQ00ifQ.WlG_qm1CQNk5Uvxe-q1f0BzBKWVELnItWpNNLAmiXdQhH8dJkqLB4UiVeONfYKqFVEzuzsm6sovLc1CtiSz7lZJy2RFeavE4aXLDtWpkaTHXfK0EBY03N21TgtX5WDq8GpkURUMDI8RuFS1imDfV9EPK8BWYsqeMbgUppvfwBgcJixi838SqLeca2SlfGdDCayYIri_pi0_O6-fwEE-UH54MDLrjNRusuy_BO-Ydhp6g76y4dmfwjL-tthzYKGwviAne0fGJxKDnCbVoXVwvAxiGeL6d8RBOerCxE3AeHwYBL2YPRkcCabOgSYiDOewyQNaYFPExhXsQfX9Pxf82Ht2ItzZrkizxvcTI-jOcmuxL15FLZG3UxS2qRz0U-_WHPSF3LYPOpH71wFm3B3uQkApScb9tgDHChd8ceiyhuDNwoBJWiuvN6bkw9D19ynDSzNjyQjKOND553sCu7QyqzBRu8cxxTCgxjr14iCwDndingKtfuTav_0zK8HqA1jCb.wpD9xrDtEzxBpqcU.IOfYQGPmSgdYe773qE7Y-uPejIIRQn3GRrrZ67MNezs29mV8dm_Ka4zvesbUB52wFHQLIFYeZjGbsCRoYy6EG_ztviG5E0Jkyorw_VFxi9iw8IvpmRclyGaiwRKtSE5gXuqpthwJ3pUzAZBXsDFmZul_I_7jNhQEYoFPZUmLpOwbK4Bnt9ncex3kMxYN3HZuGCo3qspNalnguY6PdHimpq-IFUj1M_wOp-m4zvn1lRJJ8MIAAB-PHQU4LyDNONphdoU7AN5mUzW5NkkYkSCphe9ba3cWpNNx1eoROrkywoKafPW8obLQ1xO1-caEGF_rtnccRudG-153x-Kl599zNefj8pLLrQEldXeZWBgy2e3zZHvhtp57NfchweuUcu7XUlFx3wDSQCttPrZmqCoBvBJZMW0HOc6p7ulaggT3jD8medOHJ1hPM8HV-VSwQCBzZkwXp-1brx_gYiuOkXu9SDNddQaJHHd1l_xOTwUFzQO5Aas_OdQQ3a8e2mWI_LI6rnAmKcgaNtLEZKiklDdhy4MsjJoc5JvlAFGsdRzRwN3RrBrHB0aUvwg_7kedSZJ-we8fB7HZPDt84gQWJgaLlCs4_yXgEYRPvaqtnNwOoIOANAVVZ08M4ctZG7Pl_BGGWW_vqGxZ7HCJMITM8bGHh88lsUQGZW1xCO53pf0ECK4LEDCHJmQAJx_YS54gCRAzjYoxXQ3ex90ky1O_FY9M4Y7nP9kzBtEwSbomVjsTk8rxJxjK9DbBT5wFeLaQetFWo3r1gNeGGC_ZHQlgGS2YsHMmTag74671GyYB7NPjlJmrSSn--ODGMI_Sna0x_NLRIslwCsmzELwpB4xDRXZLKkvHyJkB4Bbfpst9btLAG4Uv1XGAiaZlWJNJY9tks8Xte1WTdX7QJLnrXq7eWVudVQrGC20-OEvXfeRAiGBYQauX9aClXSSus_KduMludd-44Es9U-tdFi83d_v_5pJX9io2vwqO1Ek08_ZUoZ9jzJy1ZuqDmAyL9cEMgS-38rzqMyq9_vT7t9asmO62TBCJjEnefEQ4cxscz0i2_VCRUwumZk5a6CrXtqqT4_tmruepNL7BXLCMhP9tqHVzJlB2dgalBPQS7Lg_dKwPmz9wugfS2PNWc5d_LrwTScrAGHw3c6NpaIKgh2s3hqjcjhk-wf_lr8qstNRbeevG3mW1CE8TzJYwBlyX_oKAjw6C14DMyWp_qdzGQhpApsyM3_gTyBNe7q6YRC3Iv_uwxTyxSi2Pew9kZdttrOmkngxlzmMF8DQgXUfkXMXrXqMHr_xFd7PQ6v27pdjplyd57Bsf4BINwe_G6k8c3rXPrktXAd74vTbRplnh2voLUtX-i7d-a0EkeDQKWRwX7Hrixtx9mU2M1vQdAcC5wXH8W_T9dHTRdquU9neMKW8.BACLdnUVHTeIUmZR4rq8vA'
2016-07-04 12:12:47,082|DEBUG:  [x] Sent Payload to rabbitmq!
